<?xml version="1.0" encoding="UTF-8"?>
<testng-results ignored="0" total="3" passed="3" failed="0" skipped="0">
  <reporter-output>
  </reporter-output>
  <suite started-at="2023-12-16T21:17:23 ACDT" name="Default suite" finished-at="2023-12-16T21:18:03 ACDT" duration-ms="39771">
    <groups>
    </groups>
    <test started-at="2023-12-16T21:17:23 ACDT" name="Default test" finished-at="2023-12-16T21:18:03 ACDT" duration-ms="39771">
      <class name="testcase.TC_001">
        <test-method is-config="true" signature="setUp()[pri:0, instance:testcase.TC_001@6221a451]" started-at="2023-12-16T21:17:24 ACDT" name="setUp" finished-at="2023-12-16T21:17:35 ACDT" duration-ms="10571" status="PASS">
          <reporter-output>
          </reporter-output>
        </test-method> <!-- setUp -->
        <test-method signature="Login(java.lang.String,java.lang.String)[pri:0, instance:testcase.TC_001@6221a451]" started-at="2023-12-16T21:17:35 ACDT" name="Login" data-provider="testData" finished-at="2023-12-16T21:17:35 ACDT" duration-ms="209" status="PASS">
          <params>
            <param index="0">
              <value>
                <![CDATA[admi]]>
              </value>
            </param>
            <param index="1">
              <value>
                <![CDATA[1342]]>
              </value>
            </param>
          </params>
          <reporter-output>
          </reporter-output>
        </test-method> <!-- Login -->
        <test-method is-config="true" signature="tearDown()[pri:0, instance:testcase.TC_001@6221a451]" started-at="2023-12-16T21:17:35 ACDT" name="tearDown" finished-at="2023-12-16T21:17:35 ACDT" duration-ms="64" status="PASS">
          <reporter-output>
          </reporter-output>
        </test-method> <!-- tearDown -->
        <test-method is-config="true" signature="setUp()[pri:0, instance:testcase.TC_001@6221a451]" started-at="2023-12-16T21:17:35 ACDT" name="setUp" finished-at="2023-12-16T21:17:51 ACDT" duration-ms="15698" status="PASS">
          <reporter-output>
          </reporter-output>
        </test-method> <!-- setUp -->
        <test-method signature="Login(java.lang.String,java.lang.String)[pri:0, instance:testcase.TC_001@6221a451]" started-at="2023-12-16T21:17:51 ACDT" name="Login" data-provider="testData" finished-at="2023-12-16T21:17:52 ACDT" duration-ms="1185" status="PASS">
          <params>
            <param index="0">
              <value>
                <![CDATA[sjkf]]>
              </value>
            </param>
            <param index="1">
              <value>
                <![CDATA[837927]]>
              </value>
            </param>
          </params>
          <reporter-output>
          </reporter-output>
        </test-method> <!-- Login -->
        <test-method is-config="true" signature="tearDown()[pri:0, instance:testcase.TC_001@6221a451]" started-at="2023-12-16T21:17:52 ACDT" name="tearDown" finished-at="2023-12-16T21:17:52 ACDT" duration-ms="80" status="PASS">
          <reporter-output>
          </reporter-output>
        </test-method> <!-- tearDown -->
        <test-method is-config="true" signature="setUp()[pri:0, instance:testcase.TC_001@6221a451]" started-at="2023-12-16T21:17:52 ACDT" name="setUp" finished-at="2023-12-16T21:18:02 ACDT" duration-ms="10581" status="PASS">
          <reporter-output>
          </reporter-output>
        </test-method> <!-- setUp -->
        <test-method signature="Login(java.lang.String,java.lang.String)[pri:0, instance:testcase.TC_001@6221a451]" started-at="2023-12-16T21:18:02 ACDT" name="Login" data-provider="testData" finished-at="2023-12-16T21:18:03 ACDT" duration-ms="218" status="PASS">
          <params>
            <param index="0">
              <value>
                <![CDATA[Admin]]>
              </value>
            </param>
            <param index="1">
              <value>
                <![CDATA[admin123]]>
              </value>
            </param>
          </params>
          <reporter-output>
          </reporter-output>
        </test-method> <!-- Login -->
        <test-method is-config="true" signature="tearDown()[pri:0, instance:testcase.TC_001@6221a451]" started-at="2023-12-16T21:18:03 ACDT" name="tearDown" finished-at="2023-12-16T21:18:03 ACDT" duration-ms="61" status="PASS">
          <reporter-output>
          </reporter-output>
        </test-method> <!-- tearDown -->
      </class> <!-- testcase.TC_001 -->
    </test> <!-- Default test -->
  </suite> <!-- Default suite -->
</testng-results>
